<?xml version="1.0" encoding="UTF-8"?>
<!-- Generated by org.testng.reporters.JUnitReportReporter -->
<testsuite hostname="DESKTOP-UOBU6AE" failures="0" tests="4" name="api.test.UserTests" time="10.482" errors="0" timestamp="2024-05-16T14:58:49 IST" skipped="0">
  <testcase classname="api.test.UserTests" name="testPostUser" time="5.269"/>
  <testcase classname="api.test.UserTests" name="testGetUserByName" time="1.341"/>
  <testcase classname="api.test.UserTests" name="testUpdateUserByName" time="2.597"/>
  <testcase classname="api.test.UserTests" name="testDeleteUserByName" time="1.275"/>
</testsuite> <!-- api.test.UserTests -->
