<?xml version="1.0" encoding="UTF-8"?>
<!-- Generated by org.testng.reporters.JUnitReportReporter -->
<testsuite hostname="DESKTOP-UOBU6AE" failures="0" tests="6" name="api.test.DDTests" time="7.871" errors="0" timestamp="2024-05-16T14:54:33 IST" skipped="0">
  <testcase classname="api.test.DDTests" name="testPostUser" time="1.319"/>
  <testcase classname="api.test.DDTests" name="testPostUser" time="1.325"/>
  <testcase classname="api.test.DDTests" name="testPostUser" time="1.304"/>
  <testcase classname="api.test.DDTests" name="testDeleteUserByName" time="1.248"/>
  <testcase classname="api.test.DDTests" name="testDeleteUserByName" time="1.313"/>
  <testcase classname="api.test.DDTests" name="testDeleteUserByName" time="1.362"/>
</testsuite> <!-- api.test.DDTests -->
